<?xml version="1.0" encoding="UTF-8"?>
<testsuite xmlns:xsi="http://www.w3.org/2001/XMLSchema-instance" xsi:schemaLocation="https://maven.apache.org/surefire/maven-surefire-plugin/xsd/surefire-test-report.xsd" name="runner.TestRunner" time="64.943" tests="2" errors="0" skipped="0" failures="1">
  <properties>
[...]
</properties>
  <testcase name="feature" classname="runner.TestRunner" time="5.44"/>
  <testcase name="feature" classname="runner.TestRunner" time="58.758">
    <failure message="org.openqa.selenium.NoSuchElementException: no such element: Unable to locate element: {&quot;method&quot;:&quot;xpath&quot;,&quot;selector&quot;:&quot;.//html/body/div[1]/div/main/div/div[3]/div[1]/div/div[1]/div[1]/div[2]/div/div/div/div[2]/div/div[3]/div/div&quot;}&#10;  (Session info: chrome=73.0.3683.86)&#10;  (Driver info: chromedriver=2.45.615291 (ec3682e3c9061c10f26ea9e5cdcf3c53f3f74387),platform=Windows NT 10.0.17134 x86_64) (WARNING: The server did not provide any stacktrace information)&#10;Command duration or timeout: 30.09 seconds&#10;For documentation on this error, please visit: http://seleniumhq.org/exceptions/no_such_element.html&#10;Build info: version: &apos;3.0.1&apos;, revision: &apos;1969d75&apos;, time: &apos;2016-10-18 09:49:13 -0700&apos;&#10;System info: host: &apos;NTBK-CELLTRAK-0010&apos;, ip: &apos;192.168.0.11&apos;, os.name: &apos;Windows 10&apos;, os.arch: &apos;amd64&apos;, os.version: &apos;10.0&apos;, java.version: &apos;1.8.0_191&apos;&#10;Driver info: org.openqa.selenium.chrome.ChromeDriver&#10;Capabilities [{mobileEmulationEnabled=false, timeouts={implicit=0, pageLoad=300000, script=30000}, hasTouchScreen=false, platform=XP, acceptSslCerts=false, goog:chromeOptions={debuggerAddress=localhost:62935}, acceptInsecureCerts=false, webStorageEnabled=true, browserName=chrome, takesScreenshot=true, javascriptEnabled=true, setWindowRect=true, unexpectedAlertBehaviour=ignore, applicationCacheEnabled=false, rotatable=false, networkConnectionEnabled=false, chrome={chromedriverVersion=2.45.615291 (ec3682e3c9061c10f26ea9e5cdcf3c53f3f74387), userDataDir=C:\Users\gdiaz\AppData\Local\Temp\scoped_dir36860_3044}, takesHeapSnapshot=true, pageLoadStrategy=normal, strictFileInteractability=false, databaseEnabled=false, handlesAlerts=true, version=73.0.3683.86, browserConnectionEnabled=false, proxy={}, nativeEvents=true, locationContextEnabled=true, cssSelectorsEnabled=true}]&#10;Session ID: 08b0eb1b781bedf7055757745e869db2&#10;*** Element info: {Using=xpath, value=.//html/body/div[1]/div/main/div/div[3]/div[1]/div/div[1]/div[1]/div[2]/div/div/div/div[2]/div/div[3]/div/div}" type="cucumber.runtime.CucumberException">cucumber.runtime.CucumberException: 
org.openqa.selenium.NoSuchElementException: no such element: Unable to locate element: {"method":"xpath","selector":".//html/body/div[1]/div/main/div/div[3]/div[1]/div/div[1]/div[1]/div[2]/div/div/div/div[2]/div/div[3]/div/div"}
  (Session info: chrome=73.0.3683.86)
  (Driver info: chromedriver=2.45.615291 (ec3682e3c9061c10f26ea9e5cdcf3c53f3f74387),platform=Windows NT 10.0.17134 x86_64) (WARNING: The server did not provide any stacktrace information)
Command duration or timeout: 30.09 seconds
For documentation on this error, please visit: http://seleniumhq.org/exceptions/no_such_element.html
Build info: version: '3.0.1', revision: '1969d75', time: '2016-10-18 09:49:13 -0700'
System info: host: 'NTBK-CELLTRAK-0010', ip: '192.168.0.11', os.name: 'Windows 10', os.arch: 'amd64', os.version: '10.0', java.version: '1.8.0_191'
Driver info: org.openqa.selenium.chrome.ChromeDriver
Capabilities [{mobileEmulationEnabled=false, timeouts={implicit=0, pageLoad=300000, script=30000}, hasTouchScreen=false, platform=XP, acceptSslCerts=false, goog:chromeOptions={debuggerAddress=localhost:62935}, acceptInsecureCerts=false, webStorageEnabled=true, browserName=chrome, takesScreenshot=true, javascriptEnabled=true, setWindowRect=true, unexpectedAlertBehaviour=ignore, applicationCacheEnabled=false, rotatable=false, networkConnectionEnabled=false, chrome={chromedriverVersion=2.45.615291 (ec3682e3c9061c10f26ea9e5cdcf3c53f3f74387), userDataDir=C:\Users\gdiaz\AppData\Local\Temp\scoped_dir36860_3044}, takesHeapSnapshot=true, pageLoadStrategy=normal, strictFileInteractability=false, databaseEnabled=false, handlesAlerts=true, version=73.0.3683.86, browserConnectionEnabled=false, proxy={}, nativeEvents=true, locationContextEnabled=true, cssSelectorsEnabled=true}]
Session ID: 08b0eb1b781bedf7055757745e869db2
*** Element info: {Using=xpath, value=.//html/body/div[1]/div/main/div/div[3]/div[1]/div/div[1]/div[1]/div[2]/div/div/div/div[2]/div/div[3]/div/div}
Caused by: org.openqa.selenium.NoSuchElementException: 
no such element: Unable to locate element: {"method":"xpath","selector":".//html/body/div[1]/div/main/div/div[3]/div[1]/div/div[1]/div[1]/div[2]/div/div/div/div[2]/div/div[3]/div/div"}
  (Session info: chrome=73.0.3683.86)
  (Driver info: chromedriver=2.45.615291 (ec3682e3c9061c10f26ea9e5cdcf3c53f3f74387),platform=Windows NT 10.0.17134 x86_64) (WARNING: The server did not provide any stacktrace information)
Command duration or timeout: 30.09 seconds
For documentation on this error, please visit: http://seleniumhq.org/exceptions/no_such_element.html
Build info: version: '3.0.1', revision: '1969d75', time: '2016-10-18 09:49:13 -0700'
System info: host: 'NTBK-CELLTRAK-0010', ip: '192.168.0.11', os.name: 'Windows 10', os.arch: 'amd64', os.version: '10.0', java.version: '1.8.0_191'
Driver info: org.openqa.selenium.chrome.ChromeDriver
Capabilities [{mobileEmulationEnabled=false, timeouts={implicit=0, pageLoad=300000, script=30000}, hasTouchScreen=false, platform=XP, acceptSslCerts=false, goog:chromeOptions={debuggerAddress=localhost:62935}, acceptInsecureCerts=false, webStorageEnabled=true, browserName=chrome, takesScreenshot=true, javascriptEnabled=true, setWindowRect=true, unexpectedAlertBehaviour=ignore, applicationCacheEnabled=false, rotatable=false, networkConnectionEnabled=false, chrome={chromedriverVersion=2.45.615291 (ec3682e3c9061c10f26ea9e5cdcf3c53f3f74387), userDataDir=C:\Users\gdiaz\AppData\Local\Temp\scoped_dir36860_3044}, takesHeapSnapshot=true, pageLoadStrategy=normal, strictFileInteractability=false, databaseEnabled=false, handlesAlerts=true, version=73.0.3683.86, browserConnectionEnabled=false, proxy={}, nativeEvents=true, locationContextEnabled=true, cssSelectorsEnabled=true}]
Session ID: 08b0eb1b781bedf7055757745e869db2
*** Element info: {Using=xpath, value=.//html/body/div[1]/div/main/div/div[3]/div[1]/div/div[1]/div[1]/div[2]/div/div/div/div[2]/div/div[3]/div/div}
</failure>
    <system-out><![CDATA[Feature: QA Coding Challenge - III
  Verify via the UI that as a borrower - you are seeing loan offers, upon filling the required form fields with valid inputs
Opening the browser :chrome
Navigate on Credify Page
Automate via the UI, the web scenario mentioned in User Story, and include any validations you deem necessary
Closing the browser

  @testingsteps
  Scenario: Automate via the UI, the web scenario mentioned in User Story, and include any validations you deem necessary &amp#27;[90m# WebTesting.feature:5&amp#27;[0m
    &amp#27;[32mGiven &amp#27;[0m&amp#27;[32mI navigate to the Credify page&amp#27;[0m                                                                                  &amp#27;[90m# StepDef.iNavigateToPage()&amp#27;[0m
    &amp#27;[32mWhen &amp#27;[0m&amp#27;[32mI enter the loan amount "&amp#27;[0m&amp#27;[32m&amp#27;[1m2,000&amp#27;[0m&amp#27;[32m"&amp#27;[0m                                                                                  &amp#27;[90m# StepDef.iEnterTheLoanAmount(String)&amp#27;[0m
    &amp#27;[32mAnd &amp#27;[0m&amp#27;[32mI select the loan purpose "&amp#27;[0m&amp#27;[32m&amp#27;[1mBusiness&amp#27;[0m&amp#27;[32m"&amp#27;[0m                                                                              &amp#27;[90m# StepDef.iSelectTheLoanPurpose(String)&amp#27;[0m
    &amp#27;[32mAnd &amp#27;[0m&amp#27;[32mI click on Check Your Rate button&amp#27;[0m                                                                                 &amp#27;[90m# StepDef.iClickOnCheckYourRateButton()&amp#27;[0m
    &amp#27;[32mAnd &amp#27;[0m&amp#27;[32mI enter my personal information on page&amp#27;[0m                                                                           &amp#27;[90m# StepDef.iEnterMyPersonalInformationOnPage(DataTable)&amp#27;[0m
    &amp#27;[32mAnd &amp#27;[0m&amp#27;[32mI click on check Rate to submit the information&amp#27;[0m                                                                   &amp#27;[90m# StepDef.iClickOnCheckRateToSubmitTheInformation()&amp#27;[0m
    &amp#27;[32mThen &amp#27;[0m&amp#27;[32mI am on the Offer Page&amp#27;[0m                                                                                           &amp#27;[90m# StepDef.iAmOnTheOfferPage()&amp#27;[0m
    &amp#27;[31mAnd &amp#27;[0m&amp#27;[31mI store values of Loan Amount, APR, Loan Term and Loan Term&amp#27;[0m                                                       &amp#27;[90m# StepDef.iStoreValuesOfLoanAmountAPRLoanTermAndLoanTerm()&amp#27;[0m
      &amp#27;[31morg.openqa.selenium.NoSuchElementException: no such element: Unable to locate element: {"method":"xpath","selector":".//html/body/div[1]/div/main/div/div[3]/div[1]/div/div[1]/div[1]/div[2]/div/div/div/div[2]/div/div[3]/div/div"}
        (Session info: chrome=73.0.3683.86)
        (Driver info: chromedriver=2.45.615291 (ec3682e3c9061c10f26ea9e5cdcf3c53f3f74387),platform=Windows NT 10.0.17134 x86_64) (WARNING: The server did not provide any stacktrace information)
      Command duration or timeout: 30.09 seconds
      For documentation on this error, please visit: http://seleniumhq.org/exceptions/no_such_element.html
      Build info: version: '3.0.1', revision: '1969d75', time: '2016-10-18 09:49:13 -0700'
      System info: host: 'NTBK-CELLTRAK-0010', ip: '192.168.0.11', os.name: 'Windows 10', os.arch: 'amd64', os.version: '10.0', java.version: '1.8.0_191'
      Driver info: org.openqa.selenium.chrome.ChromeDriver
      Capabilities [{mobileEmulationEnabled=false, timeouts={implicit=0, pageLoad=300000, script=30000}, hasTouchScreen=false, platform=XP, acceptSslCerts=false, goog:chromeOptions={debuggerAddress=localhost:62935}, acceptInsecureCerts=false, webStorageEnabled=true, browserName=chrome, takesScreenshot=true, javascriptEnabled=true, setWindowRect=true, unexpectedAlertBehaviour=ignore, applicationCacheEnabled=false, rotatable=false, networkConnectionEnabled=false, chrome={chromedriverVersion=2.45.615291 (ec3682e3c9061c10f26ea9e5cdcf3c53f3f74387), userDataDir=C:\Users\gdiaz\AppData\Local\Temp\scoped_dir36860_3044}, takesHeapSnapshot=true, pageLoadStrategy=normal, strictFileInteractability=false, databaseEnabled=false, handlesAlerts=true, version=73.0.3683.86, browserConnectionEnabled=false, proxy={}, nativeEvents=true, locationContextEnabled=true, cssSelectorsEnabled=true}]
      Session ID: 08b0eb1b781bedf7055757745e869db2
      *** Element info: {Using=xpath, value=.//html/body/div[1]/div/main/div/div[3]/div[1]/div/div[1]/div[1]/div[2]/div/div/div/div[2]/div/div[3]/div/div}
      	at sun.reflect.NativeConstructorAccessorImpl.newInstance0(Native Method)
      	at sun.reflect.NativeConstructorAccessorImpl.newInstance(NativeConstructorAccessorImpl.java:62)
      	at sun.reflect.DelegatingConstructorAccessorImpl.newInstance(DelegatingConstructorAccessorImpl.java:45)
      	at java.lang.reflect.Constructor.newInstance(Constructor.java:423)
      	at org.openqa.selenium.remote.ErrorHandler.createThrowable(ErrorHandler.java:216)
      	at org.openqa.selenium.remote.ErrorHandler.throwIfResponseFailed(ErrorHandler.java:168)
      	at org.openqa.selenium.remote.RemoteWebDriver.execute(RemoteWebDriver.java:635)
      	at org.openqa.selenium.remote.RemoteWebDriver.findElement(RemoteWebDriver.java:368)
      	at org.openqa.selenium.remote.RemoteWebDriver.findElementByXPath(RemoteWebDriver.java:473)
      	at org.openqa.selenium.By$ByXPath.findElement(By.java:361)
      	at org.openqa.selenium.remote.RemoteWebDriver.findElement(RemoteWebDriver.java:360)
      	at org.openqa.selenium.support.pagefactory.DefaultElementLocator.findElement(DefaultElementLocator.java:69)
      	at org.openqa.selenium.support.pagefactory.internal.LocatingElementHandler.invoke(LocatingElementHandler.java:38)
      	at com.sun.proxy.$Proxy19.getText(Unknown Source)
      	at pages.OfferPage.getYourAPR(OfferPage.java:60)
      	at steps.StepDef.iStoreValuesOfLoanAmountAPRLoanTermAndLoanTerm(StepDef.java:120)
      	at ?.And I store values of Loan Amount, APR, Loan Term and Loan Term(WebTesting.feature:16)
      &amp#27;[0m
    &amp#27;[36mAnd &amp#27;[0m&amp#27;[36mI click on Sign out on menu&amp#27;[0m                                                                                       &amp#27;[90m# StepDef.iClickOnSignOutOnMenu()&amp#27;[0m
    &amp#27;[36mWhen &amp#27;[0m&amp#27;[36mI navigate to the Credify login page&amp#27;[0m                                                                             &amp#27;[90m# StepDef.iNavigateToTheCredifyLoginPage()&amp#27;[0m
    &amp#27;[36mWhen &amp#27;[0m&amp#27;[36mI enter the following valid credentials&amp#27;[0m                                                                          &amp#27;[90m# StepDef.iEnterTheFollowingForLogin(DataTable)&amp#27;[0m
    &amp#27;[36mAnd &amp#27;[0m&amp#27;[36mI click on login Button&amp#27;[0m                                                                                           &amp#27;[90m# StepDef.iClickOnLoginButton()&amp#27;[0m
    &amp#27;[36mThen &amp#27;[0m&amp#27;[36mI am on the Offer Page&amp#27;[0m                                                                                           &amp#27;[90m# StepDef.iAmOnTheOfferPage()&amp#27;[0m
    &amp#27;[36mAnd &amp#27;[0m&amp#27;[36mValidate that Loan Amount, APR, Loan Term and Loan Term matches with the info stored previously&amp#27;[0m                   &amp#27;[90m# StepDef.validateThatLoanAmountAPRLoanTermAndLoanTermMatchesWithTheInfoStoredPreviously()&amp#27;[0m
]]></system-out>
    <system-err><![CDATA[Starting ChromeDriver 2.45.615291 (ec3682e3c9061c10f26ea9e5cdcf3c53f3f74387) on port 34428
Only local connections are allowed.
Apr 09, 2019 6:26:45 PM org.openqa.selenium.remote.ProtocolHandshake createSession
INFO: Attempting bi-dialect session, assuming Postel's Law holds true on the remote end
Apr 09, 2019 6:26:47 PM org.openqa.selenium.remote.ProtocolHandshake createSession
INFO: Detected dialect: OSS
]]></system-err>
  </testcase>
</testsuite>